Analysis & Synthesis report for Rega_Automatizada
Tue Apr 23 21:47:58 2024
Quartus Prime Version 20.1.0 Build 711 06/05/2020 SJ Lite Edition


---------------------
; Table of Contents ;
---------------------
  1. Legal Notice
  2. Analysis & Synthesis Summary
  3. Analysis & Synthesis Settings
  4. Parallel Compilation
  5. Analysis & Synthesis Source Files Read
  6. Analysis & Synthesis Resource Usage Summary
  7. Analysis & Synthesis Resource Utilization by Entity
  8. General Register Statistics
  9. Analysis & Synthesis Messages



----------------
; Legal Notice ;
----------------
Copyright (C) 2020  Intel Corporation. All rights reserved.
Your use of Intel Corporation's design tools, logic functions 
and other software and tools, and any partner logic 
functions, and any output files from any of the foregoing 
(including device programming or simulation files), and any 
associated documentation or information are expressly subject 
to the terms and conditions of the Intel Program License 
Subscription Agreement, the Intel Quartus Prime License Agreement,
the Intel FPGA IP License Agreement, or other applicable license
agreement, including, without limitation, that your use is for
the sole purpose of programming logic devices manufactured by
Intel and sold by Intel or its authorized distributors.  Please
refer to the applicable agreement for further details, at
https://fpgasoftware.intel.com/eula.



+---------------------------------------------------------------------------+
; Analysis & Synthesis Summary                                              ;
+-----------------------------+---------------------------------------------+
; Analysis & Synthesis Status ; Successful - Tue Apr 23 21:47:58 2024       ;
; Quartus Prime Version       ; 20.1.0 Build 711 06/05/2020 SJ Lite Edition ;
; Revision Name               ; Rega_Automatizada                           ;
; Top-level Entity Name       ; main                                        ;
; Family                      ; MAX II                                      ;
; Total logic elements        ; 19                                          ;
; Total pins                  ; 21                                          ;
; Total virtual pins          ; 0                                           ;
; UFM blocks                  ; 0 / 1 ( 0 % )                               ;
+-----------------------------+---------------------------------------------+


+------------------------------------------------------------------------------------------------------------+
; Analysis & Synthesis Settings                                                                              ;
+------------------------------------------------------------------+--------------------+--------------------+
; Option                                                           ; Setting            ; Default Value      ;
+------------------------------------------------------------------+--------------------+--------------------+
; Device                                                           ; EPM240T100C5       ;                    ;
; Top-level entity name                                            ; main               ; Rega_Automatizada  ;
; Family name                                                      ; MAX II             ; Cyclone V          ;
; Use smart compilation                                            ; Off                ; Off                ;
; Enable parallel Assembler and Timing Analyzer during compilation ; On                 ; On                 ;
; Enable compact report table                                      ; Off                ; Off                ;
; Restructure Multiplexers                                         ; Auto               ; Auto               ;
; Create Debugging Nodes for IP Cores                              ; Off                ; Off                ;
; Preserve fewer node names                                        ; On                 ; On                 ;
; Intel FPGA IP Evaluation Mode                                    ; Enable             ; Enable             ;
; Verilog Version                                                  ; Verilog_2001       ; Verilog_2001       ;
; VHDL Version                                                     ; VHDL_1993          ; VHDL_1993          ;
; State Machine Processing                                         ; Auto               ; Auto               ;
; Safe State Machine                                               ; Off                ; Off                ;
; Extract Verilog State Machines                                   ; On                 ; On                 ;
; Extract VHDL State Machines                                      ; On                 ; On                 ;
; Ignore Verilog initial constructs                                ; Off                ; Off                ;
; Iteration limit for constant Verilog loops                       ; 5000               ; 5000               ;
; Iteration limit for non-constant Verilog loops                   ; 250                ; 250                ;
; Add Pass-Through Logic to Inferred RAMs                          ; On                 ; On                 ;
; Infer RAMs from Raw Logic                                        ; On                 ; On                 ;
; Parallel Synthesis                                               ; On                 ; On                 ;
; NOT Gate Push-Back                                               ; On                 ; On                 ;
; Power-Up Don't Care                                              ; On                 ; On                 ;
; Remove Redundant Logic Cells                                     ; Off                ; Off                ;
; Remove Duplicate Registers                                       ; On                 ; On                 ;
; Ignore CARRY Buffers                                             ; Off                ; Off                ;
; Ignore CASCADE Buffers                                           ; Off                ; Off                ;
; Ignore GLOBAL Buffers                                            ; Off                ; Off                ;
; Ignore ROW GLOBAL Buffers                                        ; Off                ; Off                ;
; Ignore LCELL Buffers                                             ; Off                ; Off                ;
; Ignore SOFT Buffers                                              ; On                 ; On                 ;
; Limit AHDL Integers to 32 Bits                                   ; Off                ; Off                ;
; Optimization Technique                                           ; Balanced           ; Balanced           ;
; Carry Chain Length                                               ; 70                 ; 70                 ;
; Auto Carry Chains                                                ; On                 ; On                 ;
; Auto Open-Drain Pins                                             ; On                 ; On                 ;
; Perform WYSIWYG Primitive Resynthesis                            ; Off                ; Off                ;
; Auto Shift Register Replacement                                  ; Auto               ; Auto               ;
; Allow Shift Register Merging across Hierarchies                  ; Auto               ; Auto               ;
; Auto Clock Enable Replacement                                    ; On                 ; On                 ;
; Allow Synchronous Control Signals                                ; On                 ; On                 ;
; Force Use of Synchronous Clear Signals                           ; Off                ; Off                ;
; Auto Resource Sharing                                            ; Off                ; Off                ;
; Use LogicLock Constraints during Resource Balancing              ; On                 ; On                 ;
; Ignore translate_off and synthesis_off directives                ; Off                ; Off                ;
; Report Parameter Settings                                        ; On                 ; On                 ;
; Report Source Assignments                                        ; On                 ; On                 ;
; Report Connectivity Checks                                       ; On                 ; On                 ;
; Ignore Maximum Fan-Out Assignments                               ; Off                ; Off                ;
; Synchronization Register Chain Length                            ; 2                  ; 2                  ;
; Power Optimization During Synthesis                              ; Normal compilation ; Normal compilation ;
; HDL message level                                                ; Level2             ; Level2             ;
; Suppress Register Optimization Related Messages                  ; Off                ; Off                ;
; Number of Removed Registers Reported in Synthesis Report         ; 5000               ; 5000               ;
; Number of Swept Nodes Reported in Synthesis Report               ; 5000               ; 5000               ;
; Number of Inverted Registers Reported in Synthesis Report        ; 100                ; 100                ;
; Clock MUX Protection                                             ; On                 ; On                 ;
; Block Design Naming                                              ; Auto               ; Auto               ;
; Synthesis Effort                                                 ; Auto               ; Auto               ;
; Shift Register Replacement - Allow Asynchronous Clear Signal     ; On                 ; On                 ;
; Analysis & Synthesis Message Level                               ; Medium             ; Medium             ;
; Disable Register Merging Across Hierarchies                      ; Auto               ; Auto               ;
+------------------------------------------------------------------+--------------------+--------------------+


+------------------------------------------+
; Parallel Compilation                     ;
+----------------------------+-------------+
; Processors                 ; Number      ;
+----------------------------+-------------+
; Number detected on machine ; 8           ;
; Maximum allowed            ; 4           ;
;                            ;             ;
; Average used               ; 1.00        ;
; Maximum used               ; 1           ;
;                            ;             ;
; Usage by Processor         ; % Time Used ;
;     Processor 1            ; 100.0%      ;
+----------------------------+-------------+


+----------------------------------------------------------------------------------------------------------------------------------------------------------------------------------------------------------------------------------------------------------------------------------+
; Analysis & Synthesis Source Files Read                                                                                                                                                                                                                                           ;
+----------------------------------+-----------------+------------------------+------------------------------------------------------------------------------------------------------------------------------------------------------------------------------------------+---------+
; File Name with User-Entered Path ; Used in Netlist ; File Type              ; File Name with Absolute Path                                                                                                                                                             ; Library ;
+----------------------------------+-----------------+------------------------+------------------------------------------------------------------------------------------------------------------------------------------------------------------------------------------+---------+
; main.v                           ; yes             ; User Verilog HDL File  ; C:/Users/marys/OneDrive/Documentos/Circuitos Digitais/Projetos-de-Circuitos-Digitais/Projeto1-Rega_Automatizada!/Projeto_de_Circuitos_Digitais_Problema_1/main.v                         ;         ;
; alarm_trigger.v                  ; yes             ; User Verilog HDL File  ; C:/Users/marys/OneDrive/Documentos/Circuitos Digitais/Projetos-de-Circuitos-Digitais/Projeto1-Rega_Automatizada!/Projeto_de_Circuitos_Digitais_Problema_1/alarm_trigger.v                ;         ;
; drip_trigger.v                   ; yes             ; User Verilog HDL File  ; C:/Users/marys/OneDrive/Documentos/Circuitos Digitais/Projetos-de-Circuitos-Digitais/Projeto1-Rega_Automatizada!/Projeto_de_Circuitos_Digitais_Problema_1/drip_trigger.v                 ;         ;
; error_detector.v                 ; yes             ; User Verilog HDL File  ; C:/Users/marys/OneDrive/Documentos/Circuitos Digitais/Projetos-de-Circuitos-Digitais/Projeto1-Rega_Automatizada!/Projeto_de_Circuitos_Digitais_Problema_1/error_detector.v               ;         ;
; inlet_valve_trigger.v            ; yes             ; User Verilog HDL File  ; C:/Users/marys/OneDrive/Documentos/Circuitos Digitais/Projetos-de-Circuitos-Digitais/Projeto1-Rega_Automatizada!/Projeto_de_Circuitos_Digitais_Problema_1/inlet_valve_trigger.v          ;         ;
; irrigation_trigger.v             ; yes             ; User Verilog HDL File  ; C:/Users/marys/OneDrive/Documentos/Circuitos Digitais/Projetos-de-Circuitos-Digitais/Projeto1-Rega_Automatizada!/Projeto_de_Circuitos_Digitais_Problema_1/irrigation_trigger.v           ;         ;
; sprinkler_trigger.v              ; yes             ; User Verilog HDL File  ; C:/Users/marys/OneDrive/Documentos/Circuitos Digitais/Projetos-de-Circuitos-Digitais/Projeto1-Rega_Automatizada!/Projeto_de_Circuitos_Digitais_Problema_1/sprinkler_trigger.v            ;         ;
; decoder_water_tank_level.v       ; yes             ; User Verilog HDL File  ; C:/Users/marys/OneDrive/Documentos/Circuitos Digitais/Projetos-de-Circuitos-Digitais/Projeto1-Rega_Automatizada!/Projeto_de_Circuitos_Digitais_Problema_1/decoder_water_tank_level.v     ;         ;
; encoder_water_tank_level.v       ; yes             ; User Verilog HDL File  ; C:/Users/marys/OneDrive/Documentos/Circuitos Digitais/Projetos-de-Circuitos-Digitais/Projeto1-Rega_Automatizada!/Projeto_de_Circuitos_Digitais_Problema_1/encoder_water_tank_level.v     ;         ;
; encoder_irrigation_condition.v   ; yes             ; User Verilog HDL File  ; C:/Users/marys/OneDrive/Documentos/Circuitos Digitais/Projetos-de-Circuitos-Digitais/Projeto1-Rega_Automatizada!/Projeto_de_Circuitos_Digitais_Problema_1/encoder_irrigation_condition.v ;         ;
; decoder_irrigation_condition.v   ; yes             ; User Verilog HDL File  ; C:/Users/marys/OneDrive/Documentos/Circuitos Digitais/Projetos-de-Circuitos-Digitais/Projeto1-Rega_Automatizada!/Projeto_de_Circuitos_Digitais_Problema_1/decoder_irrigation_condition.v ;         ;
; mux_2_1.v                        ; yes             ; User Verilog HDL File  ; C:/Users/marys/OneDrive/Documentos/Circuitos Digitais/Projetos-de-Circuitos-Digitais/Projeto1-Rega_Automatizada!/Projeto_de_Circuitos_Digitais_Problema_1/mux_2_1.v                      ;         ;
+----------------------------------+-----------------+------------------------+------------------------------------------------------------------------------------------------------------------------------------------------------------------------------------------+---------+


+------------------------------------------------------+
; Analysis & Synthesis Resource Usage Summary          ;
+---------------------------------------------+--------+
; Resource                                    ; Usage  ;
+---------------------------------------------+--------+
; Total logic elements                        ; 19     ;
;     -- Combinational with no register       ; 19     ;
;     -- Register only                        ; 0      ;
;     -- Combinational with a register        ; 0      ;
;                                             ;        ;
; Logic element usage by number of LUT inputs ;        ;
;     -- 4 input functions                    ; 9      ;
;     -- 3 input functions                    ; 7      ;
;     -- 2 input functions                    ; 3      ;
;     -- 1 input functions                    ; 0      ;
;     -- 0 input functions                    ; 0      ;
;                                             ;        ;
; Logic elements by mode                      ;        ;
;     -- normal mode                          ; 19     ;
;     -- arithmetic mode                      ; 0      ;
;     -- qfbk mode                            ; 0      ;
;     -- register cascade mode                ; 0      ;
;     -- synchronous clear/load mode          ; 0      ;
;     -- asynchronous clear/load mode         ; 0      ;
;                                             ;        ;
; Total registers                             ; 0      ;
; I/O pins                                    ; 21     ;
; Maximum fan-out node                        ; middle ;
; Maximum fan-out                             ; 12     ;
; Total fan-out                               ; 73     ;
; Average fan-out                             ; 1.83   ;
+---------------------------------------------+--------+


+-------------------------------------------------------------------------------------------------------------------------------------------------------------------------------------------------------------------------------------------------------------------------------------------------------------------------------------+
; Analysis & Synthesis Resource Utilization by Entity                                                                                                                                                                                                                                                                                 ;
+----------------------------------------------------------------+-------------+--------------+------------+------+--------------+--------------+-------------------+------------------+-----------------+------------+-----------------------------------------------------------------+------------------------------+--------------+
; Compilation Hierarchy Node                                     ; Logic Cells ; LC Registers ; UFM Blocks ; Pins ; Virtual Pins ; LUT-Only LCs ; Register-Only LCs ; LUT/Register LCs ; Carry Chain LCs ; Packed LCs ; Full Hierarchy Name                                             ; Entity Name                  ; Library Name ;
+----------------------------------------------------------------+-------------+--------------+------------+------+--------------+--------------+-------------------+------------------+-----------------+------------+-----------------------------------------------------------------+------------------------------+--------------+
; |main                                                          ; 19 (0)      ; 0            ; 0          ; 21   ; 0            ; 19 (0)       ; 0 (0)             ; 0 (0)            ; 0 (0)           ; 0 (0)      ; |main                                                           ; main                         ; work         ;
;    |alarm_trigger:triggers_alarm|                              ; 1 (1)       ; 0            ; 0          ; 0    ; 0            ; 1 (1)        ; 0 (0)             ; 0 (0)            ; 0 (0)           ; 0 (0)      ; |main|alarm_trigger:triggers_alarm                              ; alarm_trigger                ; work         ;
;    |decoder_water_tank_level:decodes_water_tank_level|         ; 1 (1)       ; 0            ; 0          ; 0    ; 0            ; 1 (1)        ; 0 (0)             ; 0 (0)            ; 0 (0)           ; 0 (0)      ; |main|decoder_water_tank_level:decodes_water_tank_level         ; decoder_water_tank_level     ; work         ;
;    |encoder_irrigation_condition:encodes_irrigation_condition| ; 2 (2)       ; 0            ; 0          ; 0    ; 0            ; 2 (2)        ; 0 (0)             ; 0 (0)            ; 0 (0)           ; 0 (0)      ; |main|encoder_irrigation_condition:encodes_irrigation_condition ; encoder_irrigation_condition ; work         ;
;    |error_detector:detects_error|                              ; 1 (1)       ; 0            ; 0          ; 0    ; 0            ; 1 (1)        ; 0 (0)             ; 0 (0)            ; 0 (0)           ; 0 (0)      ; |main|error_detector:detects_error                              ; error_detector               ; work         ;
;    |inlet_valve_trigger:triggers_inlet_valve|                  ; 1 (1)       ; 0            ; 0          ; 0    ; 0            ; 1 (1)        ; 0 (0)             ; 0 (0)            ; 0 (0)           ; 0 (0)      ; |main|inlet_valve_trigger:triggers_inlet_valve                  ; inlet_valve_trigger          ; work         ;
;    |mux_2_1:mux_segment_a|                                     ; 2 (2)       ; 0            ; 0          ; 0    ; 0            ; 2 (2)        ; 0 (0)             ; 0 (0)            ; 0 (0)           ; 0 (0)      ; |main|mux_2_1:mux_segment_a                                     ; mux_2_1                      ; work         ;
;    |mux_2_1:mux_segment_b|                                     ; 1 (1)       ; 0            ; 0          ; 0    ; 0            ; 1 (1)        ; 0 (0)             ; 0 (0)            ; 0 (0)           ; 0 (0)      ; |main|mux_2_1:mux_segment_b                                     ; mux_2_1                      ; work         ;
;    |mux_2_1:mux_segment_c|                                     ; 1 (1)       ; 0            ; 0          ; 0    ; 0            ; 1 (1)        ; 0 (0)             ; 0 (0)            ; 0 (0)           ; 0 (0)      ; |main|mux_2_1:mux_segment_c                                     ; mux_2_1                      ; work         ;
;    |mux_2_1:mux_segment_d|                                     ; 1 (1)       ; 0            ; 0          ; 0    ; 0            ; 1 (1)        ; 0 (0)             ; 0 (0)            ; 0 (0)           ; 0 (0)      ; |main|mux_2_1:mux_segment_d                                     ; mux_2_1                      ; work         ;
;    |mux_2_1:mux_segment_e|                                     ; 2 (2)       ; 0            ; 0          ; 0    ; 0            ; 2 (2)        ; 0 (0)             ; 0 (0)            ; 0 (0)           ; 0 (0)      ; |main|mux_2_1:mux_segment_e                                     ; mux_2_1                      ; work         ;
;    |mux_2_1:mux_segment_f|                                     ; 2 (2)       ; 0            ; 0          ; 0    ; 0            ; 2 (2)        ; 0 (0)             ; 0 (0)            ; 0 (0)           ; 0 (0)      ; |main|mux_2_1:mux_segment_f                                     ; mux_2_1                      ; work         ;
;    |mux_2_1:mux_segment_g|                                     ; 4 (4)       ; 0            ; 0          ; 0    ; 0            ; 4 (4)        ; 0 (0)             ; 0 (0)            ; 0 (0)           ; 0 (0)      ; |main|mux_2_1:mux_segment_g                                     ; mux_2_1                      ; work         ;
+----------------------------------------------------------------+-------------+--------------+------------+------+--------------+--------------+-------------------+------------------+-----------------+------------+-----------------------------------------------------------------+------------------------------+--------------+
Note: For table entries with two numbers listed, the numbers in parentheses indicate the number of resources of the given type used by the specific entity alone. The numbers listed outside of parentheses indicate the total resources of the given type used by the specific entity and all of its sub-entities in the hierarchy.


+------------------------------------------------------+
; General Register Statistics                          ;
+----------------------------------------------+-------+
; Statistic                                    ; Value ;
+----------------------------------------------+-------+
; Total registers                              ; 0     ;
; Number of registers using Synchronous Clear  ; 0     ;
; Number of registers using Synchronous Load   ; 0     ;
; Number of registers using Asynchronous Clear ; 0     ;
; Number of registers using Asynchronous Load  ; 0     ;
; Number of registers using Clock Enable       ; 0     ;
; Number of registers using Preset             ; 0     ;
+----------------------------------------------+-------+


+-------------------------------+
; Analysis & Synthesis Messages ;
+-------------------------------+
Info: *******************************************************************
Info: Running Quartus Prime Analysis & Synthesis
    Info: Version 20.1.0 Build 711 06/05/2020 SJ Lite Edition
    Info: Processing started: Tue Apr 23 21:47:47 2024
Info: Command: quartus_map --read_settings_files=on --write_settings_files=off Rega_Automatizada -c Rega_Automatizada
Warning (18236): Number of processors has not been specified which may cause overloading on shared machines.  Set the global assignment NUM_PARALLEL_PROCESSORS in your QSF to an appropriate value for best performance.
Info (20030): Parallel compilation is enabled and will use 4 of the 4 processors detected
Info (12021): Found 1 design units, including 1 entities, in source file main.v
    Info (12023): Found entity 1: main File: C:/Users/marys/OneDrive/Documentos/Circuitos Digitais/Projetos-de-Circuitos-Digitais/Projeto1-Rega_Automatizada!/Projeto_de_Circuitos_Digitais_Problema_1/main.v Line: 1
Info (12021): Found 1 design units, including 1 entities, in source file alarm_trigger.v
    Info (12023): Found entity 1: alarm_trigger File: C:/Users/marys/OneDrive/Documentos/Circuitos Digitais/Projetos-de-Circuitos-Digitais/Projeto1-Rega_Automatizada!/Projeto_de_Circuitos_Digitais_Problema_1/alarm_trigger.v Line: 4
Info (12021): Found 1 design units, including 1 entities, in source file drip_trigger.v
    Info (12023): Found entity 1: drip_trigger File: C:/Users/marys/OneDrive/Documentos/Circuitos Digitais/Projetos-de-Circuitos-Digitais/Projeto1-Rega_Automatizada!/Projeto_de_Circuitos_Digitais_Problema_1/drip_trigger.v Line: 4
Info (12021): Found 1 design units, including 1 entities, in source file error_detector.v
    Info (12023): Found entity 1: error_detector File: C:/Users/marys/OneDrive/Documentos/Circuitos Digitais/Projetos-de-Circuitos-Digitais/Projeto1-Rega_Automatizada!/Projeto_de_Circuitos_Digitais_Problema_1/error_detector.v Line: 3
Info (12021): Found 1 design units, including 1 entities, in source file inlet_valve_trigger.v
    Info (12023): Found entity 1: inlet_valve_trigger File: C:/Users/marys/OneDrive/Documentos/Circuitos Digitais/Projetos-de-Circuitos-Digitais/Projeto1-Rega_Automatizada!/Projeto_de_Circuitos_Digitais_Problema_1/inlet_valve_trigger.v Line: 4
Info (12021): Found 1 design units, including 1 entities, in source file irrigation_trigger.v
    Info (12023): Found entity 1: irrigation_trigger File: C:/Users/marys/OneDrive/Documentos/Circuitos Digitais/Projetos-de-Circuitos-Digitais/Projeto1-Rega_Automatizada!/Projeto_de_Circuitos_Digitais_Problema_1/irrigation_trigger.v Line: 4
Info (12021): Found 1 design units, including 1 entities, in source file sprinkler_trigger.v
    Info (12023): Found entity 1: sprinkler_trigger File: C:/Users/marys/OneDrive/Documentos/Circuitos Digitais/Projetos-de-Circuitos-Digitais/Projeto1-Rega_Automatizada!/Projeto_de_Circuitos_Digitais_Problema_1/sprinkler_trigger.v Line: 4
Info (12021): Found 1 design units, including 1 entities, in source file decoder_water_tank_level.v
    Info (12023): Found entity 1: decoder_water_tank_level File: C:/Users/marys/OneDrive/Documentos/Circuitos Digitais/Projetos-de-Circuitos-Digitais/Projeto1-Rega_Automatizada!/Projeto_de_Circuitos_Digitais_Problema_1/decoder_water_tank_level.v Line: 4
Info (12021): Found 1 design units, including 1 entities, in source file encoder_water_tank_level.v
    Info (12023): Found entity 1: encoder_water_tank_level File: C:/Users/marys/OneDrive/Documentos/Circuitos Digitais/Projetos-de-Circuitos-Digitais/Projeto1-Rega_Automatizada!/Projeto_de_Circuitos_Digitais_Problema_1/encoder_water_tank_level.v Line: 4
Info (12021): Found 1 design units, including 1 entities, in source file encoder_irrigation_condition.v
    Info (12023): Found entity 1: encoder_irrigation_condition File: C:/Users/marys/OneDrive/Documentos/Circuitos Digitais/Projetos-de-Circuitos-Digitais/Projeto1-Rega_Automatizada!/Projeto_de_Circuitos_Digitais_Problema_1/encoder_irrigation_condition.v Line: 4
Info (12021): Found 1 design units, including 1 entities, in source file decoder_irrigation_condition.v
    Info (12023): Found entity 1: decoder_irrigation_condition File: C:/Users/marys/OneDrive/Documentos/Circuitos Digitais/Projetos-de-Circuitos-Digitais/Projeto1-Rega_Automatizada!/Projeto_de_Circuitos_Digitais_Problema_1/decoder_irrigation_condition.v Line: 5
Info (12021): Found 1 design units, including 1 entities, in source file mux_2_1.v
    Info (12023): Found entity 1: mux_2_1 File: C:/Users/marys/OneDrive/Documentos/Circuitos Digitais/Projetos-de-Circuitos-Digitais/Projeto1-Rega_Automatizada!/Projeto_de_Circuitos_Digitais_Problema_1/mux_2_1.v Line: 4
Info (12127): Elaborating entity "main" for the top level hierarchy
Info (12128): Elaborating entity "error_detector" for hierarchy "error_detector:detects_error" File: C:/Users/marys/OneDrive/Documentos/Circuitos Digitais/Projetos-de-Circuitos-Digitais/Projeto1-Rega_Automatizada!/Projeto_de_Circuitos_Digitais_Problema_1/main.v Line: 43
Info (12128): Elaborating entity "alarm_trigger" for hierarchy "alarm_trigger:triggers_alarm" File: C:/Users/marys/OneDrive/Documentos/Circuitos Digitais/Projetos-de-Circuitos-Digitais/Projeto1-Rega_Automatizada!/Projeto_de_Circuitos_Digitais_Problema_1/main.v Line: 50
Info (12128): Elaborating entity "inlet_valve_trigger" for hierarchy "inlet_valve_trigger:triggers_inlet_valve" File: C:/Users/marys/OneDrive/Documentos/Circuitos Digitais/Projetos-de-Circuitos-Digitais/Projeto1-Rega_Automatizada!/Projeto_de_Circuitos_Digitais_Problema_1/main.v Line: 57
Info (12128): Elaborating entity "irrigation_trigger" for hierarchy "irrigation_trigger:triggers_irrigation" File: C:/Users/marys/OneDrive/Documentos/Circuitos Digitais/Projetos-de-Circuitos-Digitais/Projeto1-Rega_Automatizada!/Projeto_de_Circuitos_Digitais_Problema_1/main.v Line: 64
Info (12128): Elaborating entity "sprinkler_trigger" for hierarchy "sprinkler_trigger:triggers_sprinkler" File: C:/Users/marys/OneDrive/Documentos/Circuitos Digitais/Projetos-de-Circuitos-Digitais/Projeto1-Rega_Automatizada!/Projeto_de_Circuitos_Digitais_Problema_1/main.v Line: 73
Info (12128): Elaborating entity "drip_trigger" for hierarchy "drip_trigger:triggers_drip" File: C:/Users/marys/OneDrive/Documentos/Circuitos Digitais/Projetos-de-Circuitos-Digitais/Projeto1-Rega_Automatizada!/Projeto_de_Circuitos_Digitais_Problema_1/main.v Line: 82
Info (12128): Elaborating entity "encoder_water_tank_level" for hierarchy "encoder_water_tank_level:encodes_water_tank_level" File: C:/Users/marys/OneDrive/Documentos/Circuitos Digitais/Projetos-de-Circuitos-Digitais/Projeto1-Rega_Automatizada!/Projeto_de_Circuitos_Digitais_Problema_1/main.v Line: 91
Info (12128): Elaborating entity "decoder_water_tank_level" for hierarchy "decoder_water_tank_level:decodes_water_tank_level" File: C:/Users/marys/OneDrive/Documentos/Circuitos Digitais/Projetos-de-Circuitos-Digitais/Projeto1-Rega_Automatizada!/Projeto_de_Circuitos_Digitais_Problema_1/main.v Line: 105
Info (12128): Elaborating entity "encoder_irrigation_condition" for hierarchy "encoder_irrigation_condition:encodes_irrigation_condition" File: C:/Users/marys/OneDrive/Documentos/Circuitos Digitais/Projetos-de-Circuitos-Digitais/Projeto1-Rega_Automatizada!/Projeto_de_Circuitos_Digitais_Problema_1/main.v Line: 114
Info (12128): Elaborating entity "decoder_irrigation_condition" for hierarchy "decoder_irrigation_condition:decodes_irrigation_condition" File: C:/Users/marys/OneDrive/Documentos/Circuitos Digitais/Projetos-de-Circuitos-Digitais/Projeto1-Rega_Automatizada!/Projeto_de_Circuitos_Digitais_Problema_1/main.v Line: 127
Info (12128): Elaborating entity "mux_2_1" for hierarchy "mux_2_1:mux_segment_a" File: C:/Users/marys/OneDrive/Documentos/Circuitos Digitais/Projetos-de-Circuitos-Digitais/Projeto1-Rega_Automatizada!/Projeto_de_Circuitos_Digitais_Problema_1/main.v Line: 135
Warning (13024): Output pins are stuck at VCC or GND
    Warning (13410): Pin "digit1" is stuck at GND File: C:/Users/marys/OneDrive/Documentos/Circuitos Digitais/Projetos-de-Circuitos-Digitais/Projeto1-Rega_Automatizada!/Projeto_de_Circuitos_Digitais_Problema_1/main.v Line: 19
    Warning (13410): Pin "digit2" is stuck at VCC File: C:/Users/marys/OneDrive/Documentos/Circuitos Digitais/Projetos-de-Circuitos-Digitais/Projeto1-Rega_Automatizada!/Projeto_de_Circuitos_Digitais_Problema_1/main.v Line: 20
    Warning (13410): Pin "digit3" is stuck at VCC File: C:/Users/marys/OneDrive/Documentos/Circuitos Digitais/Projetos-de-Circuitos-Digitais/Projeto1-Rega_Automatizada!/Projeto_de_Circuitos_Digitais_Problema_1/main.v Line: 21
    Warning (13410): Pin "digit4" is stuck at VCC File: C:/Users/marys/OneDrive/Documentos/Circuitos Digitais/Projetos-de-Circuitos-Digitais/Projeto1-Rega_Automatizada!/Projeto_de_Circuitos_Digitais_Problema_1/main.v Line: 23
Info (21057): Implemented 40 device resources after synthesis - the final resource count might be different
    Info (21058): Implemented 7 input pins
    Info (21059): Implemented 14 output pins
    Info (21061): Implemented 19 logic cells
Info: Quartus Prime Analysis & Synthesis was successful. 0 errors, 6 warnings
    Info: Peak virtual memory: 4695 megabytes
    Info: Processing ended: Tue Apr 23 21:47:58 2024
    Info: Elapsed time: 00:00:11
    Info: Total CPU time (on all processors): 00:00:12


