Flow report for Rega_Automatizada
Sat Apr 20 15:39:02 2024
Quartus Prime Version 18.1.0 Build 625 09/12/2018 SJ Lite Edition


---------------------
; Table of Contents ;
---------------------
  1. Legal Notice
  2. Flow Summary
  3. Flow Settings
  4. Flow Non-Default Global Settings
  5. Flow Elapsed Time
  6. Flow OS Summary
  7. Flow Log
  8. Flow Messages
  9. Flow Suppressed Messages



----------------
; Legal Notice ;
----------------
Copyright (C) 2018  Intel Corporation. All rights reserved.
Your use of Intel Corporation's design tools, logic functions 
and other software and tools, and its AMPP partner logic 
functions, and any output files from any of the foregoing 
(including device programming or simulation files), and any 
associated documentation or information are expressly subject 
to the terms and conditions of the Intel Program License 
Subscription Agreement, the Intel Quartus Prime License Agreement,
the Intel FPGA IP License Agreement, or other applicable license
agreement, including, without limitation, that your use is for
the sole purpose of programming logic devices manufactured by
Intel and sold by Intel or its authorized distributors.  Please
refer to the applicable agreement for further details.



+---------------------------------------------------------------------+
; Flow Summary                                                        ;
+-----------------------+---------------------------------------------+
; Flow Status           ; Successful - Sat Apr 20 15:39:02 2024       ;
; Quartus Prime Version ; 18.1.0 Build 625 09/12/2018 SJ Lite Edition ;
; Revision Name         ; Rega_Automatizada                           ;
; Top-level Entity Name ; main                                        ;
; Family                ; MAX II                                      ;
; Device                ; EPM240T100C5                                ;
; Timing Models         ; Final                                       ;
; Total logic elements  ; 18 / 240 ( 8 % )                            ;
; Total pins            ; 21 / 80 ( 26 % )                            ;
; Total virtual pins    ; 0                                           ;
; UFM blocks            ; 0 / 1 ( 0 % )                               ;
+-----------------------+---------------------------------------------+


+-----------------------------------------+
; Flow Settings                           ;
+-------------------+---------------------+
; Option            ; Setting             ;
+-------------------+---------------------+
; Start date & time ; 04/20/2024 15:38:08 ;
; Main task         ; Compilation         ;
; Revision Name     ; Rega_Automatizada   ;
+-------------------+---------------------+


+---------------------------------------------------------------------------------------------------------------------------------------------+
; Flow Non-Default Global Settings                                                                                                            ;
+---------------------------------------+-------------------------------+-------------------+-------------+-----------------------------------+
; Assignment Name                       ; Value                         ; Default Value     ; Entity Name ; Section Id                        ;
+---------------------------------------+-------------------------------+-------------------+-------------+-----------------------------------+
; COMPILER_SIGNATURE_ID                 ; 2542966225000.171363828710844 ; --                ; --          ; --                                ;
; EDA_GENERATE_FUNCTIONAL_NETLIST       ; Off                           ; --                ; --          ; eda_board_design_timing           ;
; EDA_GENERATE_FUNCTIONAL_NETLIST       ; Off                           ; --                ; --          ; eda_board_design_boundary_scan    ;
; EDA_GENERATE_FUNCTIONAL_NETLIST       ; Off                           ; --                ; --          ; eda_board_design_signal_integrity ;
; EDA_GENERATE_FUNCTIONAL_NETLIST       ; Off                           ; --                ; --          ; eda_board_design_symbol           ;
; EDA_OUTPUT_DATA_FORMAT                ; Verilog Hdl                   ; --                ; --          ; eda_simulation                    ;
; EDA_SIMULATION_TOOL                   ; ModelSim-Altera (Verilog)     ; <None>            ; --          ; --                                ;
; EDA_TIME_SCALE                        ; 1 ps                          ; --                ; --          ; eda_simulation                    ;
; MAX_CORE_JUNCTION_TEMP                ; 85                            ; --                ; --          ; --                                ;
; MIN_CORE_JUNCTION_TEMP                ; 0                             ; --                ; --          ; --                                ;
; POWER_EXT_SUPPLY_VOLTAGE_TO_REGULATOR ; 3.3V                          ; --                ; --          ; --                                ;
; PROJECT_OUTPUT_DIRECTORY              ; output_files                  ; --                ; --          ; --                                ;
; TOP_LEVEL_ENTITY                      ; main                          ; Rega_Automatizada ; --          ; --                                ;
+---------------------------------------+-------------------------------+-------------------+-------------+-----------------------------------+


+--------------------------------------------------------------------------------------------------------------------------+
; Flow Elapsed Time                                                                                                        ;
+----------------------+--------------+-------------------------+---------------------+------------------------------------+
; Module Name          ; Elapsed Time ; Average Processors Used ; Peak Virtual Memory ; Total CPU Time (on all processors) ;
+----------------------+--------------+-------------------------+---------------------+------------------------------------+
; Analysis & Synthesis ; 00:00:28     ; 1.0                     ; 4701 MB             ; 00:00:32                           ;
; Fitter               ; 00:00:07     ; 1.0                     ; 5314 MB             ; 00:00:03                           ;
; Assembler            ; 00:00:02     ; 1.0                     ; 4647 MB             ; 00:00:01                           ;
; Timing Analyzer      ; 00:00:04     ; 1.0                     ; 4668 MB             ; 00:00:02                           ;
; EDA Netlist Writer   ; 00:00:03     ; 1.0                     ; 4611 MB             ; 00:00:02                           ;
; Total                ; 00:00:44     ; --                      ; --                  ; 00:00:40                           ;
+----------------------+--------------+-------------------------+---------------------+------------------------------------+


+------------------------------------------------------------------------------------+
; Flow OS Summary                                                                    ;
+----------------------+------------------+------------+------------+----------------+
; Module Name          ; Machine Hostname ; OS Name    ; OS Version ; Processor type ;
+----------------------+------------------+------------+------------+----------------+
; Analysis & Synthesis ; DESKTOP-ETOL4FJ  ; Windows 10 ; 10.0       ; x86_64         ;
; Fitter               ; DESKTOP-ETOL4FJ  ; Windows 10 ; 10.0       ; x86_64         ;
; Assembler            ; DESKTOP-ETOL4FJ  ; Windows 10 ; 10.0       ; x86_64         ;
; Timing Analyzer      ; DESKTOP-ETOL4FJ  ; Windows 10 ; 10.0       ; x86_64         ;
; EDA Netlist Writer   ; DESKTOP-ETOL4FJ  ; Windows 10 ; 10.0       ; x86_64         ;
+----------------------+------------------+------------+------------+----------------+


------------
; Flow Log ;
------------
quartus_map --read_settings_files=on --write_settings_files=off Rega_Automatizada -c Rega_Automatizada
quartus_fit --read_settings_files=off --write_settings_files=off Rega_Automatizada -c Rega_Automatizada
quartus_asm --read_settings_files=off --write_settings_files=off Rega_Automatizada -c Rega_Automatizada
quartus_sta Rega_Automatizada -c Rega_Automatizada
quartus_eda --read_settings_files=off --write_settings_files=off Rega_Automatizada -c Rega_Automatizada



